<?xml version="1.0" encoding="UTF-8" ?>
<testsuite errors="0" failures="0" hostname="STELLINA" name="AsuntoTest" skipped="0" tests="3" time="0.141" timestamp="2016-11-11T15:26:45">
  <properties>
[...]
</properties>
  <testcase classname="AsuntoTest" name="asunnonLuominenOnnistuu" time="0.003" />
  <testcase classname="AsuntoTest" name="asuntoSuurempiAntaaOikeanTuloksen" time="0.001" />
  <testcase classname="AsuntoTest" name="hintaeroOnOikein" time="0.0" />
  <system-out><![CDATA[]]></system-out>
  <system-err><![CDATA[]]></system-err>
</testsuite>
